Arguments: 
  /usr/bin/node /usr/bin/yarn add elm

PATH: 
  /usr/local/bin:/usr/bin:/bin:/usr/local/sbin:/usr/bin/site_perl:/usr/bin/vendor_perl:/usr/bin/core_perl

Yarn version: 
  1.7.0

Node version: 
  10.4.0

Platform: 
  linux x64

Trace: 
  Error: https://registry.yarnpkg.com/elm-format: ETIMEDOUT
      at Timeout._onTimeout (/usr/lib/node_modules/yarn/lib/cli.js:135339:19)
      at ontimeout (timers.js:427:11)
      at tryOnTimeout (timers.js:289:5)
      at listOnTimeout (timers.js:252:5)
      at Timer.processTimers (timers.js:212:10)

npm manifest: 
  {
  	"dependencies": {
  		"elm": "^1.4.1",
  		"elm-format": "^0.6.1-alpha",
  		"jquery": "^3.3.1",
  		"js-yaml": "^3.12.0",
  		"lodash.set": "^4.3.2",
  		"netlify-cms": "^1.9.0",
  		"parcel-plugin-elm": "^0.1.3-alpha",
  		"yaml": "^0.3.0"
  	},
  	"devDependencies": {
  		"stylus": "^0.54.5"
  	},
  	"scripts": {
  		"start": "parcel src/index.html",
  		"build": "echo 'no build required'"
  	}
  }

yarn manifest: 
  No manifest

Lockfile: 
  No lockfile
